INFO:    2022/04/27 11:59:54 Incoming connection!
INFO:    2022/04/27 11:59:54 Logged in as user: HONOURED GUEST (7777777777)
INFO:    2022/04/27 11:59:54 Session created with SessionId 524270f61b324f4e89e7716c87eb8d1e
INFO:    2022/04/27 11:59:54 Character received: [5f] _ (95)
INFO:    2022/04/27 11:59:54 Baud rate is 2400 baud.
INFO:    2022/04/27 11:59:54 No current frame set, using start page.
INFO:    2022/04/27 11:59:54 Frame retrieved: 99a
INFO:    2022/04/27 11:59:54 finding frame 99b: mongo: no documents in result
INFO:    2022/04/27 11:59:54 The follow-on frame for frame 99a, does not exist.
INFO:    2022/04/27 11:59:54 Adding frame 99a to history.
INFO:    2022/04/27 11:59:54 Rendering frame 99a.
INFO:    2022/04/27 11:59:55 Device Control (DC)) received.
INFO:    2022/04/27 11:59:55 Character received: [13] . (19)
INFO:    2022/04/27 11:59:55 Baud rate is 2400 baud.
INFO:    2022/04/27 11:59:55 Minitel Terminal detected, turning on Antiope support.
INFO:    2022/04/27 11:59:56 Character received: [1a]  (26)
INFO:    2022/04/27 11:59:56 Baud rate is 2400 baud.
INFO:    2022/04/27 11:59:56 Current frame is set (99a), invoking the routing process with char [1a]  (26).
INFO:    2022/04/27 11:59:56 Routing Start. [Current Page: 99a [Message Buffer: ] [Character to Process: ]
INFO:    2022/04/27 11:59:56 Frame Id is invalid. [PageId: ]
INFO:    2022/04/27 11:59:56 Routing finished [Message Buffer: ]
WARNING: 2022/04/27 11:59:56 An invalid character was received from the connected client.
INFO:    2022/04/27 11:59:56 Character received: [1a]  (26)
INFO:    2022/04/27 11:59:56 Baud rate is 2400 baud.
INFO:    2022/04/27 11:59:56 Current frame is set (99a), invoking the routing process with char [1a]  (26).
INFO:    2022/04/27 11:59:56 Routing Start. [Current Page: 99a [Message Buffer: ] [Character to Process: ]
INFO:    2022/04/27 11:59:56 Frame Id is invalid. [PageId: ]
INFO:    2022/04/27 11:59:56 Routing finished [Message Buffer: ]
WARNING: 2022/04/27 11:59:56 An invalid character was received from the connected client.
INFO:    2022/04/27 11:59:56 Character received: [1a]  (26)
INFO:    2022/04/27 11:59:56 Baud rate is 2400 baud.
INFO:    2022/04/27 11:59:56 Current frame is set (99a), invoking the routing process with char [1a]  (26).
INFO:    2022/04/27 11:59:56 Routing Start. [Current Page: 99a [Message Buffer: ] [Character to Process: ]
INFO:    2022/04/27 11:59:56 Frame Id is invalid. [PageId: ]
INFO:    2022/04/27 11:59:56 Routing finished [Message Buffer: ]
WARNING: 2022/04/27 11:59:56 An invalid character was received from the connected client.
INFO:    2022/04/27 11:59:57 Character received: [1a]  (26)
INFO:    2022/04/27 11:59:57 Baud rate is 2400 baud.
INFO:    2022/04/27 11:59:57 Current frame is set (99a), invoking the routing process with char [1a]  (26).
INFO:    2022/04/27 11:59:57 Routing Start. [Current Page: 99a [Message Buffer: ] [Character to Process: ]
INFO:    2022/04/27 11:59:57 Frame Id is invalid. [PageId: ]
INFO:    2022/04/27 11:59:57 Routing finished [Message Buffer: ]
WARNING: 2022/04/27 11:59:57 An invalid character was received from the connected client.
INFO:    2022/04/27 11:59:57 Character received: [1a]  (26)
INFO:    2022/04/27 11:59:57 Baud rate is 2400 baud.
INFO:    2022/04/27 11:59:57 Current frame is set (99a), invoking the routing process with char [1a]  (26).
INFO:    2022/04/27 11:59:57 Routing Start. [Current Page: 99a [Message Buffer: ] [Character to Process: ]
INFO:    2022/04/27 11:59:57 Frame Id is invalid. [PageId: ]
INFO:    2022/04/27 11:59:57 Routing finished [Message Buffer: ]
WARNING: 2022/04/27 11:59:57 An invalid character was received from the connected client.
INFO:    2022/04/27 11:59:57 Character received: [1a]  (26)
INFO:    2022/04/27 11:59:57 Baud rate is 2400 baud.
INFO:    2022/04/27 11:59:57 Current frame is set (99a), invoking the routing process with char [1a]  (26).
INFO:    2022/04/27 11:59:57 Routing Start. [Current Page: 99a [Message Buffer: ] [Character to Process: ]
INFO:    2022/04/27 11:59:57 Frame Id is invalid. [PageId: ]
INFO:    2022/04/27 11:59:57 Routing finished [Message Buffer: ]
WARNING: 2022/04/27 11:59:57 An invalid character was received from the connected client.
INFO:    2022/04/27 11:59:57 Character received: [1a]  (26)
INFO:    2022/04/27 11:59:57 Baud rate is 2400 baud.
INFO:    2022/04/27 11:59:57 Current frame is set (99a), invoking the routing process with char [1a]  (26).
INFO:    2022/04/27 11:59:57 Routing Start. [Current Page: 99a [Message Buffer: ] [Character to Process: ]
INFO:    2022/04/27 11:59:57 Frame Id is invalid. [PageId: ]
INFO:    2022/04/27 11:59:57 Routing finished [Message Buffer: ]
WARNING: 2022/04/27 11:59:57 An invalid character was received from the connected client.
INFO:    2022/04/27 11:59:57 Character received: [1a]  (26)
INFO:    2022/04/27 11:59:57 Baud rate is 2400 baud.
INFO:    2022/04/27 11:59:57 Current frame is set (99a), invoking the routing process with char [1a]  (26).
INFO:    2022/04/27 11:59:57 Routing Start. [Current Page: 99a [Message Buffer: ] [Character to Process: ]
INFO:    2022/04/27 11:59:57 Frame Id is invalid. [PageId: ]
INFO:    2022/04/27 11:59:57 Routing finished [Message Buffer: ]
WARNING: 2022/04/27 11:59:57 An invalid character was received from the connected client.
INFO:    2022/04/27 11:59:57 Character received: [1a]  (26)
INFO:    2022/04/27 11:59:57 Baud rate is 2400 baud.
INFO:    2022/04/27 11:59:57 Current frame is set (99a), invoking the routing process with char [1a]  (26).
INFO:    2022/04/27 11:59:57 Routing Start. [Current Page: 99a [Message Buffer: ] [Character to Process: ]
INFO:    2022/04/27 11:59:57 Frame Id is invalid. [PageId: ]
INFO:    2022/04/27 11:59:57 Routing finished [Message Buffer: ]
WARNING: 2022/04/27 11:59:57 An invalid character was received from the connected client.
INFO:    2022/04/27 11:59:57 Character received: [1a]  (26)
INFO:    2022/04/27 11:59:57 Baud rate is 2400 baud.
INFO:    2022/04/27 11:59:57 Current frame is set (99a), invoking the routing process with char [1a]  (26).
INFO:    2022/04/27 11:59:57 Routing Start. [Current Page: 99a [Message Buffer: ] [Character to Process: ]
INFO:    2022/04/27 11:59:57 Frame Id is invalid. [PageId: ]
INFO:    2022/04/27 11:59:57 Routing finished [Message Buffer: ]
WARNING: 2022/04/27 11:59:57 An invalid character was received from the connected client.
INFO:    2022/04/27 11:59:58 Character received: [1a]  (26)
INFO:    2022/04/27 11:59:58 Baud rate is 2400 baud.
INFO:    2022/04/27 11:59:58 Current frame is set (99a), invoking the routing process with char [1a]  (26).
INFO:    2022/04/27 11:59:58 Routing Start. [Current Page: 99a [Message Buffer: ] [Character to Process: ]
INFO:    2022/04/27 11:59:58 Frame Id is invalid. [PageId: ]
INFO:    2022/04/27 11:59:58 Routing finished [Message Buffer: ]
WARNING: 2022/04/27 11:59:58 An invalid character was received from the connected client.
INFO:    2022/04/27 11:59:58 Character received: [1a]  (26)
INFO:    2022/04/27 11:59:58 Baud rate is 2400 baud.
INFO:    2022/04/27 11:59:58 Current frame is set (99a), invoking the routing process with char [1a]  (26).
INFO:    2022/04/27 11:59:58 Routing Start. [Current Page: 99a [Message Buffer: ] [Character to Process: ]
INFO:    2022/04/27 11:59:58 Frame Id is invalid. [PageId: ]
INFO:    2022/04/27 11:59:58 Routing finished [Message Buffer: ]
WARNING: 2022/04/27 11:59:58 An invalid character was received from the connected client.
INFO:    2022/04/27 11:59:58 Character received: [1a]  (26)
INFO:    2022/04/27 11:59:58 Baud rate is 2400 baud.
INFO:    2022/04/27 11:59:58 Current frame is set (99a), invoking the routing process with char [1a]  (26).
INFO:    2022/04/27 11:59:58 Routing Start. [Current Page: 99a [Message Buffer: ] [Character to Process: ]
INFO:    2022/04/27 11:59:58 Frame Id is invalid. [PageId: ]
INFO:    2022/04/27 11:59:58 Routing finished [Message Buffer: ]
WARNING: 2022/04/27 11:59:58 An invalid character was received from the connected client.
INFO:    2022/04/27 11:59:58 Character received: [1a]  (26)
INFO:    2022/04/27 11:59:58 Baud rate is 2400 baud.
INFO:    2022/04/27 11:59:58 Current frame is set (99a), invoking the routing process with char [1a]  (26).
INFO:    2022/04/27 11:59:58 Routing Start. [Current Page: 99a [Message Buffer: ] [Character to Process: ]
INFO:    2022/04/27 11:59:58 Frame Id is invalid. [PageId: ]
INFO:    2022/04/27 11:59:58 Routing finished [Message Buffer: ]
WARNING: 2022/04/27 11:59:58 An invalid character was received from the connected client.
INFO:    2022/04/27 11:59:58 Character received: [1a]  (26)
INFO:    2022/04/27 11:59:58 Baud rate is 2400 baud.
INFO:    2022/04/27 11:59:58 Current frame is set (99a), invoking the routing process with char [1a]  (26).
INFO:    2022/04/27 11:59:58 Routing Start. [Current Page: 99a [Message Buffer: ] [Character to Process: ]
INFO:    2022/04/27 11:59:58 Frame Id is invalid. [PageId: ]
INFO:    2022/04/27 11:59:58 Routing finished [Message Buffer: ]
WARNING: 2022/04/27 11:59:58 An invalid character was received from the connected client.
INFO:    2022/04/27 11:59:58 Character received: [1a]  (26)
INFO:    2022/04/27 11:59:58 Baud rate is 2400 baud.
INFO:    2022/04/27 11:59:58 Current frame is set (99a), invoking the routing process with char [1a]  (26).
INFO:    2022/04/27 11:59:58 Routing Start. [Current Page: 99a [Message Buffer: ] [Character to Process: ]
INFO:    2022/04/27 11:59:58 Frame Id is invalid. [PageId: ]
INFO:    2022/04/27 11:59:58 Routing finished [Message Buffer: ]
WARNING: 2022/04/27 11:59:58 An invalid character was received from the connected client.
INFO:    2022/04/27 11:59:58 Character received: [1a]  (26)
INFO:    2022/04/27 11:59:58 Baud rate is 2400 baud.
INFO:    2022/04/27 11:59:58 Current frame is set (99a), invoking the routing process with char [1a]  (26).
INFO:    2022/04/27 11:59:58 Routing Start. [Current Page: 99a [Message Buffer: ] [Character to Process: ]
INFO:    2022/04/27 11:59:58 Frame Id is invalid. [PageId: ]
INFO:    2022/04/27 11:59:58 Routing finished [Message Buffer: ]
WARNING: 2022/04/27 11:59:58 An invalid character was received from the connected client.
INFO:    2022/04/27 11:59:58 Character received: [1a]  (26)
INFO:    2022/04/27 11:59:58 Baud rate is 2400 baud.
INFO:    2022/04/27 11:59:58 Current frame is set (99a), invoking the routing process with char [1a]  (26).
INFO:    2022/04/27 11:59:58 Routing Start. [Current Page: 99a [Message Buffer: ] [Character to Process: ]
INFO:    2022/04/27 11:59:58 Frame Id is invalid. [PageId: ]
INFO:    2022/04/27 11:59:58 Routing finished [Message Buffer: ]
WARNING: 2022/04/27 11:59:58 An invalid character was received from the connected client.
INFO:    2022/04/27 11:59:59 Character received: [1a]  (26)
INFO:    2022/04/27 11:59:59 Baud rate is 2400 baud.
INFO:    2022/04/27 11:59:59 Current frame is set (99a), invoking the routing process with char [1a]  (26).
INFO:    2022/04/27 11:59:59 Routing Start. [Current Page: 99a [Message Buffer: ] [Character to Process: ]
INFO:    2022/04/27 11:59:59 Frame Id is invalid. [PageId: ]
INFO:    2022/04/27 11:59:59 Routing finished [Message Buffer: ]
WARNING: 2022/04/27 11:59:59 An invalid character was received from the connected client.
INFO:    2022/04/27 11:59:59 Character received: [1a]  (26)
INFO:    2022/04/27 11:59:59 Baud rate is 2400 baud.
INFO:    2022/04/27 11:59:59 Current frame is set (99a), invoking the routing process with char [1a]  (26).
INFO:    2022/04/27 11:59:59 Routing Start. [Current Page: 99a [Message Buffer: ] [Character to Process: ]
INFO:    2022/04/27 11:59:59 Frame Id is invalid. [PageId: ]
INFO:    2022/04/27 11:59:59 Routing finished [Message Buffer: ]
WARNING: 2022/04/27 11:59:59 An invalid character was received from the connected client.
INFO:    2022/04/27 11:59:59 Character received: [1a]  (26)
INFO:    2022/04/27 11:59:59 Baud rate is 2400 baud.
INFO:    2022/04/27 11:59:59 Current frame is set (99a), invoking the routing process with char [1a]  (26).
INFO:    2022/04/27 11:59:59 Routing Start. [Current Page: 99a [Message Buffer: ] [Character to Process: ]
INFO:    2022/04/27 11:59:59 Frame Id is invalid. [PageId: ]
INFO:    2022/04/27 11:59:59 Routing finished [Message Buffer: ]
WARNING: 2022/04/27 11:59:59 An invalid character was received from the connected client.
INFO:    2022/04/27 11:59:59 Character received: [1a]  (26)
INFO:    2022/04/27 11:59:59 Baud rate is 2400 baud.
INFO:    2022/04/27 11:59:59 Current frame is set (99a), invoking the routing process with char [1a]  (26).
INFO:    2022/04/27 11:59:59 Routing Start. [Current Page: 99a [Message Buffer: ] [Character to Process: ]
INFO:    2022/04/27 11:59:59 Frame Id is invalid. [PageId: ]
INFO:    2022/04/27 11:59:59 Routing finished [Message Buffer: ]
WARNING: 2022/04/27 11:59:59 An invalid character was received from the connected client.
INFO:    2022/04/27 11:59:59 Character received: [1a]  (26)
INFO:    2022/04/27 11:59:59 Baud rate is 2400 baud.
INFO:    2022/04/27 11:59:59 Current frame is set (99a), invoking the routing process with char [1a]  (26).
INFO:    2022/04/27 11:59:59 Routing Start. [Current Page: 99a [Message Buffer: ] [Character to Process: ]
INFO:    2022/04/27 11:59:59 Frame Id is invalid. [PageId: ]
INFO:    2022/04/27 11:59:59 Routing finished [Message Buffer: ]
WARNING: 2022/04/27 11:59:59 An invalid character was received from the connected client.
INFO:    2022/04/27 11:59:59 Character received: [1a]  (26)
INFO:    2022/04/27 11:59:59 Baud rate is 2400 baud.
INFO:    2022/04/27 11:59:59 Current frame is set (99a), invoking the routing process with char [1a]  (26).
INFO:    2022/04/27 11:59:59 Routing Start. [Current Page: 99a [Message Buffer: ] [Character to Process: ]
INFO:    2022/04/27 11:59:59 Frame Id is invalid. [PageId: ]
INFO:    2022/04/27 11:59:59 Routing finished [Message Buffer: ]
WARNING: 2022/04/27 11:59:59 An invalid character was received from the connected client.
INFO:    2022/04/27 11:59:59 Character received: [1a]  (26)
INFO:    2022/04/27 11:59:59 Baud rate is 2400 baud.
INFO:    2022/04/27 11:59:59 Current frame is set (99a), invoking the routing process with char [1a]  (26).
INFO:    2022/04/27 11:59:59 Routing Start. [Current Page: 99a [Message Buffer: ] [Character to Process: ]
INFO:    2022/04/27 11:59:59 Frame Id is invalid. [PageId: ]
INFO:    2022/04/27 11:59:59 Routing finished [Message Buffer: ]
WARNING: 2022/04/27 11:59:59 An invalid character was received from the connected client.
INFO:    2022/04/27 12:00:00 Character received: [1a]  (26)
INFO:    2022/04/27 12:00:00 Baud rate is 2400 baud.
INFO:    2022/04/27 12:00:00 Current frame is set (99a), invoking the routing process with char [1a]  (26).
INFO:    2022/04/27 12:00:00 Routing Start. [Current Page: 99a [Message Buffer: ] [Character to Process: ]
INFO:    2022/04/27 12:00:00 Frame Id is invalid. [PageId: ]
INFO:    2022/04/27 12:00:00 Routing finished [Message Buffer: ]
WARNING: 2022/04/27 12:00:00 An invalid character was received from the connected client.
INFO:    2022/04/27 12:00:00 Character received: [1a]  (26)
INFO:    2022/04/27 12:00:00 Baud rate is 2400 baud.
INFO:    2022/04/27 12:00:00 Current frame is set (99a), invoking the routing process with char [1a]  (26).
INFO:    2022/04/27 12:00:00 Routing Start. [Current Page: 99a [Message Buffer: ] [Character to Process: ]
INFO:    2022/04/27 12:00:00 Frame Id is invalid. [PageId: ]
INFO:    2022/04/27 12:00:00 Routing finished [Message Buffer: ]
WARNING: 2022/04/27 12:00:00 An invalid character was received from the connected client.
INFO:    2022/04/27 12:00:00 Character received: [1a]  (26)
INFO:    2022/04/27 12:00:00 Baud rate is 2400 baud.
INFO:    2022/04/27 12:00:00 Current frame is set (99a), invoking the routing process with char [1a]  (26).
INFO:    2022/04/27 12:00:00 Routing Start. [Current Page: 99a [Message Buffer: ] [Character to Process: ]
INFO:    2022/04/27 12:00:00 Frame Id is invalid. [PageId: ]
INFO:    2022/04/27 12:00:00 Routing finished [Message Buffer: ]
WARNING: 2022/04/27 12:00:00 An invalid character was received from the connected client.
INFO:    2022/04/27 12:00:00 Character received: [1a]  (26)
INFO:    2022/04/27 12:00:00 Baud rate is 2400 baud.
INFO:    2022/04/27 12:00:00 Current frame is set (99a), invoking the routing process with char [1a]  (26).
INFO:    2022/04/27 12:00:00 Routing Start. [Current Page: 99a [Message Buffer: ] [Character to Process: ]
INFO:    2022/04/27 12:00:00 Frame Id is invalid. [PageId: ]
INFO:    2022/04/27 12:00:00 Routing finished [Message Buffer: ]
WARNING: 2022/04/27 12:00:00 An invalid character was received from the connected client.
INFO:    2022/04/27 12:00:00 Character received: [1a]  (26)
INFO:    2022/04/27 12:00:00 Baud rate is 2400 baud.
INFO:    2022/04/27 12:00:00 Current frame is set (99a), invoking the routing process with char [1a]  (26).
INFO:    2022/04/27 12:00:00 Routing Start. [Current Page: 99a [Message Buffer: ] [Character to Process: ]
INFO:    2022/04/27 12:00:00 Frame Id is invalid. [PageId: ]
INFO:    2022/04/27 12:00:00 Routing finished [Message Buffer: ]
WARNING: 2022/04/27 12:00:00 An invalid character was received from the connected client.
INFO:    2022/04/27 12:00:00 Character received: [1a]  (26)
INFO:    2022/04/27 12:00:00 Baud rate is 2400 baud.
INFO:    2022/04/27 12:00:00 Current frame is set (99a), invoking the routing process with char [1a]  (26).
INFO:    2022/04/27 12:00:00 Routing Start. [Current Page: 99a [Message Buffer: ] [Character to Process: ]
INFO:    2022/04/27 12:00:00 Frame Id is invalid. [PageId: ]
INFO:    2022/04/27 12:00:00 Routing finished [Message Buffer: ]
WARNING: 2022/04/27 12:00:00 An invalid character was received from the connected client.
INFO:    2022/04/27 12:00:00 Character received: [1a]  (26)
INFO:    2022/04/27 12:00:00 Baud rate is 2400 baud.
INFO:    2022/04/27 12:00:00 Current frame is set (99a), invoking the routing process with char [1a]  (26).
INFO:    2022/04/27 12:00:00 Routing Start. [Current Page: 99a [Message Buffer: ] [Character to Process: ]
INFO:    2022/04/27 12:00:00 Frame Id is invalid. [PageId: ]
INFO:    2022/04/27 12:00:00 Routing finished [Message Buffer: ]
WARNING: 2022/04/27 12:00:00 An invalid character was received from the connected client.
INFO:    2022/04/27 12:00:00 Character received: [1a]  (26)
INFO:    2022/04/27 12:00:00 Baud rate is 2400 baud.
INFO:    2022/04/27 12:00:00 Current frame is set (99a), invoking the routing process with char [1a]  (26).
INFO:    2022/04/27 12:00:00 Routing Start. [Current Page: 99a [Message Buffer: ] [Character to Process: ]
INFO:    2022/04/27 12:00:00 Frame Id is invalid. [PageId: ]
INFO:    2022/04/27 12:00:00 Routing finished [Message Buffer: ]
WARNING: 2022/04/27 12:00:00 An invalid character was received from the connected client.
INFO:    2022/04/27 12:00:01 Character received: [1a]  (26)
INFO:    2022/04/27 12:00:01 Baud rate is 2400 baud.
INFO:    2022/04/27 12:00:01 Current frame is set (99a), invoking the routing process with char [1a]  (26).
INFO:    2022/04/27 12:00:01 Routing Start. [Current Page: 99a [Message Buffer: ] [Character to Process: ]
INFO:    2022/04/27 12:00:01 Frame Id is invalid. [PageId: ]
INFO:    2022/04/27 12:00:01 Routing finished [Message Buffer: ]
WARNING: 2022/04/27 12:00:01 An invalid character was received from the connected client.
INFO:    2022/04/27 12:00:01 Character received: [1a]  (26)
INFO:    2022/04/27 12:00:01 Baud rate is 2400 baud.
INFO:    2022/04/27 12:00:01 Current frame is set (99a), invoking the routing process with char [1a]  (26).
INFO:    2022/04/27 12:00:01 Routing Start. [Current Page: 99a [Message Buffer: ] [Character to Process: ]
INFO:    2022/04/27 12:00:01 Frame Id is invalid. [PageId: ]
INFO:    2022/04/27 12:00:01 Routing finished [Message Buffer: ]
WARNING: 2022/04/27 12:00:01 An invalid character was received from the connected client.
INFO:    2022/04/27 12:00:01 Character received: [1a]  (26)
INFO:    2022/04/27 12:00:01 Baud rate is 2400 baud.
INFO:    2022/04/27 12:00:01 Current frame is set (99a), invoking the routing process with char [1a]  (26).
INFO:    2022/04/27 12:00:01 Routing Start. [Current Page: 99a [Message Buffer: ] [Character to Process: ]
INFO:    2022/04/27 12:00:01 Frame Id is invalid. [PageId: ]
INFO:    2022/04/27 12:00:01 Routing finished [Message Buffer: ]
WARNING: 2022/04/27 12:00:01 An invalid character was received from the connected client.
INFO:    2022/04/27 12:00:01 Character received: [1a]  (26)
INFO:    2022/04/27 12:00:01 Baud rate is 2400 baud.
INFO:    2022/04/27 12:00:01 Current frame is set (99a), invoking the routing process with char [1a]  (26).
INFO:    2022/04/27 12:00:01 Routing Start. [Current Page: 99a [Message Buffer: ] [Character to Process: ]
INFO:    2022/04/27 12:00:01 Frame Id is invalid. [PageId: ]
INFO:    2022/04/27 12:00:01 Routing finished [Message Buffer: ]
WARNING: 2022/04/27 12:00:01 An invalid character was received from the connected client.
INFO:    2022/04/27 12:00:01 Character received: [1a]  (26)
INFO:    2022/04/27 12:00:01 Baud rate is 2400 baud.
INFO:    2022/04/27 12:00:01 Current frame is set (99a), invoking the routing process with char [1a]  (26).
INFO:    2022/04/27 12:00:01 Routing Start. [Current Page: 99a [Message Buffer: ] [Character to Process: ]
INFO:    2022/04/27 12:00:01 Frame Id is invalid. [PageId: ]
INFO:    2022/04/27 12:00:01 Routing finished [Message Buffer: ]
WARNING: 2022/04/27 12:00:01 An invalid character was received from the connected client.
INFO:    2022/04/27 12:00:01 Character received: [1a]  (26)
INFO:    2022/04/27 12:00:01 Baud rate is 2400 baud.
INFO:    2022/04/27 12:00:01 Current frame is set (99a), invoking the routing process with char [1a]  (26).
INFO:    2022/04/27 12:00:01 Routing Start. [Current Page: 99a [Message Buffer: ] [Character to Process: ]
INFO:    2022/04/27 12:00:01 Frame Id is invalid. [PageId: ]
INFO:    2022/04/27 12:00:01 Routing finished [Message Buffer: ]
WARNING: 2022/04/27 12:00:01 An invalid character was received from the connected client.
INFO:    2022/04/27 12:00:01 Character received: [1a]  (26)
INFO:    2022/04/27 12:00:01 Baud rate is 2400 baud.
INFO:    2022/04/27 12:00:01 Current frame is set (99a), invoking the routing process with char [1a]  (26).
INFO:    2022/04/27 12:00:01 Routing Start. [Current Page: 99a [Message Buffer: ] [Character to Process: ]
INFO:    2022/04/27 12:00:01 Frame Id is invalid. [PageId: ]
INFO:    2022/04/27 12:00:01 Routing finished [Message Buffer: ]
WARNING: 2022/04/27 12:00:01 An invalid character was received from the connected client.
INFO:    2022/04/27 12:00:02 Character received: [1a]  (26)
INFO:    2022/04/27 12:00:02 Baud rate is 2400 baud.
INFO:    2022/04/27 12:00:02 Current frame is set (99a), invoking the routing process with char [1a]  (26).
INFO:    2022/04/27 12:00:02 Routing Start. [Current Page: 99a [Message Buffer: ] [Character to Process: ]
INFO:    2022/04/27 12:00:02 Frame Id is invalid. [PageId: ]
INFO:    2022/04/27 12:00:02 Routing finished [Message Buffer: ]
WARNING: 2022/04/27 12:00:02 An invalid character was received from the connected client.
INFO:    2022/04/27 12:00:02 Character received: [1a]  (26)
INFO:    2022/04/27 12:00:02 Baud rate is 2400 baud.
INFO:    2022/04/27 12:00:02 Current frame is set (99a), invoking the routing process with char [1a]  (26).
INFO:    2022/04/27 12:00:02 Routing Start. [Current Page: 99a [Message Buffer: ] [Character to Process: ]
INFO:    2022/04/27 12:00:02 Frame Id is invalid. [PageId: ]
INFO:    2022/04/27 12:00:02 Routing finished [Message Buffer: ]
WARNING: 2022/04/27 12:00:02 An invalid character was received from the connected client.
INFO:    2022/04/27 12:00:02 Character received: [1a]  (26)
INFO:    2022/04/27 12:00:02 Baud rate is 2400 baud.
INFO:    2022/04/27 12:00:02 Current frame is set (99a), invoking the routing process with char [1a]  (26).
INFO:    2022/04/27 12:00:02 Routing Start. [Current Page: 99a [Message Buffer: ] [Character to Process: ]
INFO:    2022/04/27 12:00:02 Frame Id is invalid. [PageId: ]
INFO:    2022/04/27 12:00:02 Routing finished [Message Buffer: ]
WARNING: 2022/04/27 12:00:02 An invalid character was received from the connected client.
INFO:    2022/04/27 12:00:02 Character received: [1a]  (26)
INFO:    2022/04/27 12:00:02 Baud rate is 2400 baud.
INFO:    2022/04/27 12:00:02 Current frame is set (99a), invoking the routing process with char [1a]  (26).
INFO:    2022/04/27 12:00:02 Routing Start. [Current Page: 99a [Message Buffer: ] [Character to Process: ]
INFO:    2022/04/27 12:00:02 Frame Id is invalid. [PageId: ]
INFO:    2022/04/27 12:00:02 Routing finished [Message Buffer: ]
WARNING: 2022/04/27 12:00:02 An invalid character was received from the connected client.
INFO:    2022/04/27 12:00:02 Character received: [1a]  (26)
INFO:    2022/04/27 12:00:02 Baud rate is 2400 baud.
INFO:    2022/04/27 12:00:02 Current frame is set (99a), invoking the routing process with char [1a]  (26).
INFO:    2022/04/27 12:00:02 Routing Start. [Current Page: 99a [Message Buffer: ] [Character to Process: ]
INFO:    2022/04/27 12:00:02 Frame Id is invalid. [PageId: ]
INFO:    2022/04/27 12:00:02 Routing finished [Message Buffer: ]
WARNING: 2022/04/27 12:00:02 An invalid character was received from the connected client.
INFO:    2022/04/27 12:00:02 Character received: [1a]  (26)
INFO:    2022/04/27 12:00:02 Baud rate is 2400 baud.
INFO:    2022/04/27 12:00:02 Current frame is set (99a), invoking the routing process with char [1a]  (26).
INFO:    2022/04/27 12:00:02 Routing Start. [Current Page: 99a [Message Buffer: ] [Character to Process: ]
INFO:    2022/04/27 12:00:02 Frame Id is invalid. [PageId: ]
INFO:    2022/04/27 12:00:02 Routing finished [Message Buffer: ]
WARNING: 2022/04/27 12:00:02 An invalid character was received from the connected client.
INFO:    2022/04/27 12:00:02 Character received: [1a]  (26)
INFO:    2022/04/27 12:00:02 Baud rate is 2400 baud.
INFO:    2022/04/27 12:00:02 Current frame is set (99a), invoking the routing process with char [1a]  (26).
INFO:    2022/04/27 12:00:02 Routing Start. [Current Page: 99a [Message Buffer: ] [Character to Process: ]
INFO:    2022/04/27 12:00:02 Frame Id is invalid. [PageId: ]
INFO:    2022/04/27 12:00:02 Routing finished [Message Buffer: ]
WARNING: 2022/04/27 12:00:02 An invalid character was received from the connected client.
INFO:    2022/04/27 12:00:02 Character received: [1a]  (26)
INFO:    2022/04/27 12:00:02 Baud rate is 2400 baud.
INFO:    2022/04/27 12:00:02 Current frame is set (99a), invoking the routing process with char [1a]  (26).
INFO:    2022/04/27 12:00:02 Routing Start. [Current Page: 99a [Message Buffer: ] [Character to Process: ]
INFO:    2022/04/27 12:00:02 Frame Id is invalid. [PageId: ]
INFO:    2022/04/27 12:00:02 Routing finished [Message Buffer: ]
WARNING: 2022/04/27 12:00:02 An invalid character was received from the connected client.
INFO:    2022/04/27 12:00:03 Character received: [5f] _ (95) was received within 200ms of previous character whilst in immediate mode.
INFO:    2022/04/27 12:00:03 Character received: [1a]  (26)
INFO:    2022/04/27 12:00:03 Baud rate is 2400 baud.
INFO:    2022/04/27 12:00:03 Current frame is set (99a), invoking the routing process with char [1a]  (26).
INFO:    2022/04/27 12:00:03 Routing Start. [Current Page: 99a [Message Buffer: ] [Character to Process: ]
INFO:    2022/04/27 12:00:03 Frame Id is invalid. [PageId: ]
INFO:    2022/04/27 12:00:03 Routing finished [Message Buffer: ]
WARNING: 2022/04/27 12:00:03 An invalid character was received from the connected client.
INFO:    2022/04/27 12:00:03 Character received: [1a]  (26)
INFO:    2022/04/27 12:00:03 Baud rate is 2400 baud.
INFO:    2022/04/27 12:00:03 Current frame is set (99a), invoking the routing process with char [1a]  (26).
INFO:    2022/04/27 12:00:03 Routing Start. [Current Page: 99a [Message Buffer: ] [Character to Process: ]
INFO:    2022/04/27 12:00:03 Frame Id is invalid. [PageId: ]
INFO:    2022/04/27 12:00:03 Routing finished [Message Buffer: ]
WARNING: 2022/04/27 12:00:03 An invalid character was received from the connected client.
INFO:    2022/04/27 12:00:03 Character received: [5f] _ (95) was received within 200ms of previous character whilst in immediate mode.
INFO:    2022/04/27 12:00:04 Character received: [5f] _ (95)
INFO:    2022/04/27 12:00:04 Baud rate is 2400 baud.
INFO:    2022/04/27 12:00:04 Current frame is set (99a), invoking the routing process with char [5f] _ (95).
INFO:    2022/04/27 12:00:04 Routing Start. [Current Page: 99a [Message Buffer: ] [Character to Process: _]
INFO:    2022/04/27 12:00:04 Frame Id is valid. [PageId: 0a]
INFO:    2022/04/27 12:00:04 Routing finished [Message Buffer: ]
INFO:    2022/04/27 12:00:04 Frame retrieved: 0a
INFO:    2022/04/27 12:00:04 finding frame 0b: mongo: no documents in result
INFO:    2022/04/27 12:00:04 The follow-on frame for frame 0a, does not exist.
INFO:    2022/04/27 12:00:04 Adding frame 0a to history.
INFO:    2022/04/27 12:00:04 Rendering frame 0a.
INFO:    2022/04/27 12:00:06 Character received: [1a]  (26)
INFO:    2022/04/27 12:00:06 Baud rate is 2400 baud.
INFO:    2022/04/27 12:00:06 Current frame is set (0a), invoking the routing process with char [1a]  (26).
INFO:    2022/04/27 12:00:06 Routing Start. [Current Page: 0a [Message Buffer: ] [Character to Process: ]
INFO:    2022/04/27 12:00:06 Frame Id is invalid. [PageId: ]
INFO:    2022/04/27 12:00:06 Routing finished [Message Buffer: ]
WARNING: 2022/04/27 12:00:06 An invalid character was received from the connected client.
INFO:    2022/04/27 12:00:06 Character received: [1a]  (26)
INFO:    2022/04/27 12:00:06 Baud rate is 2400 baud.
INFO:    2022/04/27 12:00:06 Current frame is set (0a), invoking the routing process with char [1a]  (26).
INFO:    2022/04/27 12:00:06 Routing Start. [Current Page: 0a [Message Buffer: ] [Character to Process: ]
INFO:    2022/04/27 12:00:06 Frame Id is invalid. [PageId: ]
INFO:    2022/04/27 12:00:06 Routing finished [Message Buffer: ]
WARNING: 2022/04/27 12:00:06 An invalid character was received from the connected client.
INFO:    2022/04/27 12:00:06 Character received: [1a]  (26)
INFO:    2022/04/27 12:00:06 Baud rate is 2400 baud.
INFO:    2022/04/27 12:00:06 Current frame is set (0a), invoking the routing process with char [1a]  (26).
INFO:    2022/04/27 12:00:06 Routing Start. [Current Page: 0a [Message Buffer: ] [Character to Process: ]
INFO:    2022/04/27 12:00:06 Frame Id is invalid. [PageId: ]
INFO:    2022/04/27 12:00:06 Routing finished [Message Buffer: ]
WARNING: 2022/04/27 12:00:06 An invalid character was received from the connected client.
INFO:    2022/04/27 12:00:06 Character received: [1a]  (26)
INFO:    2022/04/27 12:00:06 Baud rate is 2400 baud.
INFO:    2022/04/27 12:00:06 Current frame is set (0a), invoking the routing process with char [1a]  (26).
INFO:    2022/04/27 12:00:06 Routing Start. [Current Page: 0a [Message Buffer: ] [Character to Process: ]
INFO:    2022/04/27 12:00:06 Frame Id is invalid. [PageId: ]
INFO:    2022/04/27 12:00:06 Routing finished [Message Buffer: ]
WARNING: 2022/04/27 12:00:06 An invalid character was received from the connected client.
INFO:    2022/04/27 12:00:06 Character received: [1a]  (26)
INFO:    2022/04/27 12:00:06 Baud rate is 2400 baud.
INFO:    2022/04/27 12:00:06 Current frame is set (0a), invoking the routing process with char [1a]  (26).
INFO:    2022/04/27 12:00:06 Routing Start. [Current Page: 0a [Message Buffer: ] [Character to Process: ]
INFO:    2022/04/27 12:00:06 Frame Id is invalid. [PageId: ]
INFO:    2022/04/27 12:00:06 Routing finished [Message Buffer: ]
WARNING: 2022/04/27 12:00:06 An invalid character was received from the connected client.
INFO:    2022/04/27 12:00:06 Character received: [1a]  (26)
INFO:    2022/04/27 12:00:06 Baud rate is 2400 baud.
INFO:    2022/04/27 12:00:06 Current frame is set (0a), invoking the routing process with char [1a]  (26).
INFO:    2022/04/27 12:00:06 Routing Start. [Current Page: 0a [Message Buffer: ] [Character to Process: ]
INFO:    2022/04/27 12:00:06 Frame Id is invalid. [PageId: ]
INFO:    2022/04/27 12:00:06 Routing finished [Message Buffer: ]
WARNING: 2022/04/27 12:00:06 An invalid character was received from the connected client.
INFO:    2022/04/27 12:00:07 Character received: [1a]  (26)
INFO:    2022/04/27 12:00:07 Baud rate is 2400 baud.
INFO:    2022/04/27 12:00:07 Current frame is set (0a), invoking the routing process with char [1a]  (26).
INFO:    2022/04/27 12:00:07 Routing Start. [Current Page: 0a [Message Buffer: ] [Character to Process: ]
INFO:    2022/04/27 12:00:07 Frame Id is invalid. [PageId: ]
INFO:    2022/04/27 12:00:07 Routing finished [Message Buffer: ]
WARNING: 2022/04/27 12:00:07 An invalid character was received from the connected client.
INFO:    2022/04/27 12:00:07 Character received: [1a]  (26)
INFO:    2022/04/27 12:00:07 Baud rate is 2400 baud.
INFO:    2022/04/27 12:00:07 Current frame is set (0a), invoking the routing process with char [1a]  (26).
INFO:    2022/04/27 12:00:07 Routing Start. [Current Page: 0a [Message Buffer: ] [Character to Process: ]
INFO:    2022/04/27 12:00:07 Frame Id is invalid. [PageId: ]
INFO:    2022/04/27 12:00:07 Routing finished [Message Buffer: ]
WARNING: 2022/04/27 12:00:07 An invalid character was received from the connected client.
INFO:    2022/04/27 12:00:07 Character received: [1a]  (26)
INFO:    2022/04/27 12:00:07 Baud rate is 2400 baud.
INFO:    2022/04/27 12:00:07 Current frame is set (0a), invoking the routing process with char [1a]  (26).
INFO:    2022/04/27 12:00:07 Routing Start. [Current Page: 0a [Message Buffer: ] [Character to Process: ]
INFO:    2022/04/27 12:00:07 Frame Id is invalid. [PageId: ]
INFO:    2022/04/27 12:00:07 Routing finished [Message Buffer: ]
WARNING: 2022/04/27 12:00:07 An invalid character was received from the connected client.
INFO:    2022/04/27 12:00:07 Character received: [1a]  (26)
INFO:    2022/04/27 12:00:07 Baud rate is 2400 baud.
INFO:    2022/04/27 12:00:07 Current frame is set (0a), invoking the routing process with char [1a]  (26).
INFO:    2022/04/27 12:00:07 Routing Start. [Current Page: 0a [Message Buffer: ] [Character to Process: ]
INFO:    2022/04/27 12:00:07 Frame Id is invalid. [PageId: ]
INFO:    2022/04/27 12:00:07 Routing finished [Message Buffer: ]
WARNING: 2022/04/27 12:00:07 An invalid character was received from the connected client.
INFO:    2022/04/27 12:00:07 Character received: [1a]  (26)
INFO:    2022/04/27 12:00:07 Baud rate is 2400 baud.
INFO:    2022/04/27 12:00:07 Current frame is set (0a), invoking the routing process with char [1a]  (26).
INFO:    2022/04/27 12:00:07 Routing Start. [Current Page: 0a [Message Buffer: ] [Character to Process: ]
INFO:    2022/04/27 12:00:07 Frame Id is invalid. [PageId: ]
INFO:    2022/04/27 12:00:07 Routing finished [Message Buffer: ]
WARNING: 2022/04/27 12:00:07 An invalid character was received from the connected client.
INFO:    2022/04/27 12:00:07 Character received: [1a]  (26)
INFO:    2022/04/27 12:00:07 Baud rate is 2400 baud.
INFO:    2022/04/27 12:00:07 Current frame is set (0a), invoking the routing process with char [1a]  (26).
INFO:    2022/04/27 12:00:07 Routing Start. [Current Page: 0a [Message Buffer: ] [Character to Process: ]
INFO:    2022/04/27 12:00:07 Frame Id is invalid. [PageId: ]
INFO:    2022/04/27 12:00:07 Routing finished [Message Buffer: ]
WARNING: 2022/04/27 12:00:07 An invalid character was received from the connected client.
INFO:    2022/04/27 12:00:07 Character received: [1a]  (26)
INFO:    2022/04/27 12:00:07 Baud rate is 2400 baud.
INFO:    2022/04/27 12:00:07 Current frame is set (0a), invoking the routing process with char [1a]  (26).
INFO:    2022/04/27 12:00:07 Routing Start. [Current Page: 0a [Message Buffer: ] [Character to Process: ]
INFO:    2022/04/27 12:00:07 Frame Id is invalid. [PageId: ]
INFO:    2022/04/27 12:00:07 Routing finished [Message Buffer: ]
WARNING: 2022/04/27 12:00:07 An invalid character was received from the connected client.
INFO:    2022/04/27 12:00:08 Character received: [1a]  (26)
INFO:    2022/04/27 12:00:08 Baud rate is 2400 baud.
INFO:    2022/04/27 12:00:08 Current frame is set (0a), invoking the routing process with char [1a]  (26).
INFO:    2022/04/27 12:00:08 Routing Start. [Current Page: 0a [Message Buffer: ] [Character to Process: ]
INFO:    2022/04/27 12:00:08 Frame Id is invalid. [PageId: ]
INFO:    2022/04/27 12:00:08 Routing finished [Message Buffer: ]
WARNING: 2022/04/27 12:00:08 An invalid character was received from the connected client.
INFO:    2022/04/27 12:00:09 Character received: [1a]  (26)
INFO:    2022/04/27 12:00:09 Baud rate is 2400 baud.
INFO:    2022/04/27 12:00:09 Current frame is set (0a), invoking the routing process with char [1a]  (26).
INFO:    2022/04/27 12:00:09 Routing Start. [Current Page: 0a [Message Buffer: ] [Character to Process: ]
INFO:    2022/04/27 12:00:09 Frame Id is invalid. [PageId: ]
INFO:    2022/04/27 12:00:09 Routing finished [Message Buffer: ]
WARNING: 2022/04/27 12:00:09 An invalid character was received from the connected client.
INFO:    2022/04/27 12:00:12 Character received: [1a]  (26)
INFO:    2022/04/27 12:00:12 Baud rate is 2400 baud.
INFO:    2022/04/27 12:00:12 Current frame is set (0a), invoking the routing process with char [1a]  (26).
INFO:    2022/04/27 12:00:12 Routing Start. [Current Page: 0a [Message Buffer: ] [Character to Process: ]
INFO:    2022/04/27 12:00:12 Frame Id is invalid. [PageId: ]
INFO:    2022/04/27 12:00:12 Routing finished [Message Buffer: ]
WARNING: 2022/04/27 12:00:12 An invalid character was received from the connected client.
INFO:    2022/04/27 12:00:14 Character received: [1a]  (26)
INFO:    2022/04/27 12:00:14 Baud rate is 2400 baud.
INFO:    2022/04/27 12:00:14 Current frame is set (0a), invoking the routing process with char [1a]  (26).
INFO:    2022/04/27 12:00:14 Routing Start. [Current Page: 0a [Message Buffer: ] [Character to Process: ]
INFO:    2022/04/27 12:00:14 Frame Id is invalid. [PageId: ]
INFO:    2022/04/27 12:00:14 Routing finished [Message Buffer: ]
WARNING: 2022/04/27 12:00:14 An invalid character was received from the connected client.
INFO:    2022/04/27 12:00:14 Device Control (DC)) received.
INFO:    2022/04/27 12:00:14 Character received: [13] . (19)
INFO:    2022/04/27 12:00:14 Baud rate is 2400 baud.
INFO:    2022/04/27 12:00:14 Minitel Terminal detected, turning on Antiope support.
INFO:    2022/04/27 12:00:22 Character received: [5f] _ (95)
INFO:    2022/04/27 12:00:22 Baud rate is 2400 baud.
INFO:    2022/04/27 12:00:22 Current frame is set (0a), invoking the routing process with char [5f] _ (95).
INFO:    2022/04/27 12:00:22 Routing Start. [Current Page: 0a [Message Buffer: ] [Character to Process: _]
INFO:    2022/04/27 12:00:22 Frame Id is valid. [PageId: 0a]
INFO:    2022/04/27 12:00:22 Routing finished [Message Buffer: ]
INFO:    2022/04/27 12:00:22 Frame retrieved: 0a
INFO:    2022/04/27 12:00:22 finding frame 0b: mongo: no documents in result
INFO:    2022/04/27 12:00:22 The follow-on frame for frame 0a, does not exist.
INFO:    2022/04/27 12:00:22 Adding frame 0a to history.
INFO:    2022/04/27 12:00:22 Rendering frame 0a.
INFO:    2022/04/27 12:00:22 Character received: [2e] . (46)
INFO:    2022/04/27 12:00:22 Baud rate is 2400 baud.
INFO:    2022/04/27 12:00:22 Current frame is set (0a), invoking the routing process with char [2e] . (46).
INFO:    2022/04/27 12:00:22 Routing Start. [Current Page: 0a [Message Buffer: ] [Character to Process: .]
INFO:    2022/04/27 12:00:22 Frame Id is invalid. [PageId: ]
INFO:    2022/04/27 12:00:22 Routing finished [Message Buffer: ]
WARNING: 2022/04/27 12:00:22 An invalid character was received from the connected client.
INFO:    2022/04/27 12:00:22 Character received: [14]  (20)
INFO:    2022/04/27 12:00:22 Baud rate is 2400 baud.
INFO:    2022/04/27 12:00:22 Current frame is set (0a), invoking the routing process with char [14]  (20).
INFO:    2022/04/27 12:00:22 Routing Start. [Current Page: 0a [Message Buffer: ] [Character to Process: ]
INFO:    2022/04/27 12:00:22 Frame Id is invalid. [PageId: ]
INFO:    2022/04/27 12:00:22 Routing finished [Message Buffer: ]
WARNING: 2022/04/27 12:00:22 An invalid character was received from the connected client.
WARNING: 2022/04/27 12:00:24 read error: read tcp 172.22.0.6:6504->10.16.0.2:53106: read: connection reset by peer
ERROR:   2022/04/27 12:00:24 renderer.go:353: write tcp 172.22.0.6:6504->10.16.0.2:53106: write: broken pipe
ERROR:   2022/04/27 12:00:24 renderer.go:353: write tcp 172.22.0.6:6504->10.16.0.2:53106: write: broken pipe
ERROR:   2022/04/27 12:00:24 renderer.go:353: write tcp 172.22.0.6:6504->10.16.0.2:53106: write: broken pipe
ERROR:   2022/04/27 12:00:24 renderer.go:353: write tcp 172.22.0.6:6504->10.16.0.2:53106: write: broken pipe
ERROR:   2022/04/27 12:00:24 renderer.go:353: write tcp 172.22.0.6:6504->10.16.0.2:53106: write: broken pipe
ERROR:   2022/04/27 12:00:24 renderer.go:353: write tcp 172.22.0.6:6504->10.16.0.2:53106: write: broken pipe
ERROR:   2022/04/27 12:00:24 renderer.go:353: write tcp 172.22.0.6:6504->10.16.0.2:53106: write: broken pipe
ERROR:   2022/04/27 12:00:24 renderer.go:353: write tcp 172.22.0.6:6504->10.16.0.2:53106: write: broken pipe
ERROR:   2022/04/27 12:00:24 renderer.go:353: write tcp 172.22.0.6:6504->10.16.0.2:53106: write: broken pipe
ERROR:   2022/04/27 12:00:24 renderer.go:353: write tcp 172.22.0.6:6504->10.16.0.2:53106: write: broken pipe
ERROR:   2022/04/27 12:00:24 renderer.go:353: write tcp 172.22.0.6:6504->10.16.0.2:53106: write: broken pipe
ERROR:   2022/04/27 12:00:24 renderer.go:353: write tcp 172.22.0.6:6504->10.16.0.2:53106: write: broken pipe
ERROR:   2022/04/27 12:00:24 renderer.go:353: write tcp 172.22.0.6:6504->10.16.0.2:53106: write: broken pipe
ERROR:   2022/04/27 12:00:24 renderer.go:353: write tcp 172.22.0.6:6504->10.16.0.2:53106: write: broken pipe
ERROR:   2022/04/27 12:00:24 renderer.go:353: write tcp 172.22.0.6:6504->10.16.0.2:53106: write: broken pipe
ERROR:   2022/04/27 12:00:24 renderer.go:353: write tcp 172.22.0.6:6504->10.16.0.2:53106: write: broken pipe
ERROR:   2022/04/27 12:00:24 renderer.go:353: write tcp 172.22.0.6:6504->10.16.0.2:53106: write: broken pipe
ERROR:   2022/04/27 12:00:24 renderer.go:353: write tcp 172.22.0.6:6504->10.16.0.2:53106: write: broken pipe
ERROR:   2022/04/27 12:00:24 renderer.go:353: write tcp 172.22.0.6:6504->10.16.0.2:53106: write: broken pipe
ERROR:   2022/04/27 12:00:24 renderer.go:353: write tcp 172.22.0.6:6504->10.16.0.2:53106: write: broken pipe
ERROR:   2022/04/27 12:00:24 renderer.go:353: write tcp 172.22.0.6:6504->10.16.0.2:53106: write: broken pipe
ERROR:   2022/04/27 12:00:24 renderer.go:353: write tcp 172.22.0.6:6504->10.16.0.2:53106: write: broken pipe
ERROR:   2022/04/27 12:00:24 renderer.go:353: write tcp 172.22.0.6:6504->10.16.0.2:53106: write: broken pipe
ERROR:   2022/04/27 12:00:24 renderer.go:353: write tcp 172.22.0.6:6504->10.16.0.2:53106: write: broken pipe
ERROR:   2022/04/27 12:00:24 renderer.go:353: write tcp 172.22.0.6:6504->10.16.0.2:53106: write: broken pipe
ERROR:   2022/04/27 12:00:24 renderer.go:353: write tcp 172.22.0.6:6504->10.16.0.2:53106: write: broken pipe
ERROR:   2022/04/27 12:00:24 renderer.go:353: write tcp 172.22.0.6:6504->10.16.0.2:53106: write: broken pipe
ERROR:   2022/04/27 12:00:24 renderer.go:353: write tcp 172.22.0.6:6504->10.16.0.2:53106: write: broken pipe
ERROR:   2022/04/27 12:00:24 renderer.go:353: write tcp 172.22.0.6:6504->10.16.0.2:53106: write: broken pipe
ERROR:   2022/04/27 12:00:24 renderer.go:353: write tcp 172.22.0.6:6504->10.16.0.2:53106: write: broken pipe
ERROR:   2022/04/27 12:00:24 renderer.go:353: write tcp 172.22.0.6:6504->10.16.0.2:53106: write: broken pipe
ERROR:   2022/04/27 12:00:24 renderer.go:353: write tcp 172.22.0.6:6504->10.16.0.2:53106: write: broken pipe
ERROR:   2022/04/27 12:00:24 renderer.go:353: write tcp 172.22.0.6:6504->10.16.0.2:53106: write: broken pipe
ERROR:   2022/04/27 12:00:24 renderer.go:353: write tcp 172.22.0.6:6504->10.16.0.2:53106: write: broken pipe
ERROR:   2022/04/27 12:00:24 renderer.go:353: write tcp 172.22.0.6:6504->10.16.0.2:53106: write: broken pipe
ERROR:   2022/04/27 12:00:24 renderer.go:353: write tcp 172.22.0.6:6504->10.16.0.2:53106: write: broken pipe
ERROR:   2022/04/27 12:00:24 renderer.go:353: write tcp 172.22.0.6:6504->10.16.0.2:53106: write: broken pipe
ERROR:   2022/04/27 12:00:24 renderer.go:353: write tcp 172.22.0.6:6504->10.16.0.2:53106: write: broken pipe
ERROR:   2022/04/27 12:00:24 renderer.go:353: write tcp 172.22.0.6:6504->10.16.0.2:53106: write: broken pipe
ERROR:   2022/04/27 12:00:24 renderer.go:353: write tcp 172.22.0.6:6504->10.16.0.2:53106: write: broken pipe
ERROR:   2022/04/27 12:00:24 renderer.go:353: write tcp 172.22.0.6:6504->10.16.0.2:53106: write: broken pipe
ERROR:   2022/04/27 12:00:24 renderer.go:353: write tcp 172.22.0.6:6504->10.16.0.2:53106: write: broken pipe
ERROR:   2022/04/27 12:00:24 renderer.go:353: write tcp 172.22.0.6:6504->10.16.0.2:53106: write: broken pipe
ERROR:   2022/04/27 12:00:24 renderer.go:353: write tcp 172.22.0.6:6504->10.16.0.2:53106: write: broken pipe
ERROR:   2022/04/27 12:00:24 renderer.go:353: write tcp 172.22.0.6:6504->10.16.0.2:53106: write: broken pipe
ERROR:   2022/04/27 12:00:24 renderer.go:353: write tcp 172.22.0.6:6504->10.16.0.2:53106: write: broken pipe
ERROR:   2022/04/27 12:00:24 renderer.go:353: write tcp 172.22.0.6:6504->10.16.0.2:53106: write: broken pipe
ERROR:   2022/04/27 12:00:24 renderer.go:353: write tcp 172.22.0.6:6504->10.16.0.2:53106: write: broken pipe
ERROR:   2022/04/27 12:00:24 renderer.go:353: write tcp 172.22.0.6:6504->10.16.0.2:53106: write: broken pipe
ERROR:   2022/04/27 12:00:24 renderer.go:353: write tcp 172.22.0.6:6504->10.16.0.2:53106: write: broken pipe
ERROR:   2022/04/27 12:00:24 renderer.go:353: write tcp 172.22.0.6:6504->10.16.0.2:53106: write: broken pipe
ERROR:   2022/04/27 12:00:24 renderer.go:353: write tcp 172.22.0.6:6504->10.16.0.2:53106: write: broken pipe
ERROR:   2022/04/27 12:00:24 renderer.go:353: write tcp 172.22.0.6:6504->10.16.0.2:53106: write: broken pipe
ERROR:   2022/04/27 12:00:24 renderer.go:353: write tcp 172.22.0.6:6504->10.16.0.2:53106: write: broken pipe
ERROR:   2022/04/27 12:00:24 renderer.go:353: write tcp 172.22.0.6:6504->10.16.0.2:53106: write: broken pipe
ERROR:   2022/04/27 12:00:24 renderer.go:353: write tcp 172.22.0.6:6504->10.16.0.2:53106: write: broken pipe
ERROR:   2022/04/27 12:00:24 renderer.go:353: write tcp 172.22.0.6:6504->10.16.0.2:53106: write: broken pipe
ERROR:   2022/04/27 12:00:24 renderer.go:353: write tcp 172.22.0.6:6504->10.16.0.2:53106: write: broken pipe
ERROR:   2022/04/27 12:00:24 renderer.go:353: write tcp 172.22.0.6:6504->10.16.0.2:53106: write: broken pipe
ERROR:   2022/04/27 12:00:24 renderer.go:353: write tcp 172.22.0.6:6504->10.16.0.2:53106: write: broken pipe
ERROR:   2022/04/27 12:00:24 renderer.go:353: write tcp 172.22.0.6:6504->10.16.0.2:53106: write: broken pipe
ERROR:   2022/04/27 12:00:24 renderer.go:353: write tcp 172.22.0.6:6504->10.16.0.2:53106: write: broken pipe
ERROR:   2022/04/27 12:00:24 renderer.go:353: write tcp 172.22.0.6:6504->10.16.0.2:53106: write: broken pipe
ERROR:   2022/04/27 12:00:24 renderer.go:353: write tcp 172.22.0.6:6504->10.16.0.2:53106: write: broken pipe
ERROR:   2022/04/27 12:00:24 renderer.go:353: write tcp 172.22.0.6:6504->10.16.0.2:53106: write: broken pipe
ERROR:   2022/04/27 12:00:24 renderer.go:353: write tcp 172.22.0.6:6504->10.16.0.2:53106: write: broken pipe
ERROR:   2022/04/27 12:00:24 renderer.go:353: write tcp 172.22.0.6:6504->10.16.0.2:53106: write: broken pipe
ERROR:   2022/04/27 12:00:24 renderer.go:353: write tcp 172.22.0.6:6504->10.16.0.2:53106: write: broken pipe
ERROR:   2022/04/27 12:00:24 renderer.go:353: write tcp 172.22.0.6:6504->10.16.0.2:53106: write: broken pipe
ERROR:   2022/04/27 12:00:24 renderer.go:353: write tcp 172.22.0.6:6504->10.16.0.2:53106: write: broken pipe
ERROR:   2022/04/27 12:00:24 renderer.go:353: write tcp 172.22.0.6:6504->10.16.0.2:53106: write: broken pipe
ERROR:   2022/04/27 12:00:24 renderer.go:353: write tcp 172.22.0.6:6504->10.16.0.2:53106: write: broken pipe
ERROR:   2022/04/27 12:00:24 renderer.go:353: write tcp 172.22.0.6:6504->10.16.0.2:53106: write: broken pipe
ERROR:   2022/04/27 12:00:24 renderer.go:353: write tcp 172.22.0.6:6504->10.16.0.2:53106: write: broken pipe
ERROR:   2022/04/27 12:00:24 renderer.go:353: write tcp 172.22.0.6:6504->10.16.0.2:53106: write: broken pipe
ERROR:   2022/04/27 12:00:24 renderer.go:353: write tcp 172.22.0.6:6504->10.16.0.2:53106: write: broken pipe
ERROR:   2022/04/27 12:00:24 renderer.go:353: write tcp 172.22.0.6:6504->10.16.0.2:53106: write: broken pipe
ERROR:   2022/04/27 12:00:24 renderer.go:353: write tcp 172.22.0.6:6504->10.16.0.2:53106: write: broken pipe
ERROR:   2022/04/27 12:00:24 renderer.go:353: write tcp 172.22.0.6:6504->10.16.0.2:53106: write: broken pipe
ERROR:   2022/04/27 12:00:24 renderer.go:353: write tcp 172.22.0.6:6504->10.16.0.2:53106: write: broken pipe
ERROR:   2022/04/27 12:00:24 renderer.go:353: write tcp 172.22.0.6:6504->10.16.0.2:53106: write: broken pipe
ERROR:   2022/04/27 12:00:24 renderer.go:353: write tcp 172.22.0.6:6504->10.16.0.2:53106: write: broken pipe
ERROR:   2022/04/27 12:00:24 renderer.go:353: write tcp 172.22.0.6:6504->10.16.0.2:53106: write: broken pipe
ERROR:   2022/04/27 12:00:24 renderer.go:353: write tcp 172.22.0.6:6504->10.16.0.2:53106: write: broken pipe
ERROR:   2022/04/27 12:00:25 renderer.go:353: write tcp 172.22.0.6:6504->10.16.0.2:53106: write: broken pipe
ERROR:   2022/04/27 12:00:25 renderer.go:353: write tcp 172.22.0.6:6504->10.16.0.2:53106: write: broken pipe
ERROR:   2022/04/27 12:00:25 renderer.go:353: write tcp 172.22.0.6:6504->10.16.0.2:53106: write: broken pipe
ERROR:   2022/04/27 12:00:25 renderer.go:353: write tcp 172.22.0.6:6504->10.16.0.2:53106: write: broken pipe
ERROR:   2022/04/27 12:00:25 renderer.go:353: write tcp 172.22.0.6:6504->10.16.0.2:53106: write: broken pipe
ERROR:   2022/04/27 12:00:25 renderer.go:353: write tcp 172.22.0.6:6504->10.16.0.2:53106: write: broken pipe
ERROR:   2022/04/27 12:00:25 renderer.go:353: write tcp 172.22.0.6:6504->10.16.0.2:53106: write: broken pipe
ERROR:   2022/04/27 12:00:25 renderer.go:353: write tcp 172.22.0.6:6504->10.16.0.2:53106: write: broken pipe
ERROR:   2022/04/27 12:00:25 renderer.go:353: write tcp 172.22.0.6:6504->10.16.0.2:53106: write: broken pipe
ERROR:   2022/04/27 12:00:25 renderer.go:353: write tcp 172.22.0.6:6504->10.16.0.2:53106: write: broken pipe
ERROR:   2022/04/27 12:00:25 renderer.go:353: write tcp 172.22.0.6:6504->10.16.0.2:53106: write: broken pipe
ERROR:   2022/04/27 12:00:25 renderer.go:353: write tcp 172.22.0.6:6504->10.16.0.2:53106: write: broken pipe
ERROR:   2022/04/27 12:00:25 renderer.go:353: write tcp 172.22.0.6:6504->10.16.0.2:53106: write: broken pipe
ERROR:   2022/04/27 12:00:25 renderer.go:353: write tcp 172.22.0.6:6504->10.16.0.2:53106: write: broken pipe
ERROR:   2022/04/27 12:00:25 renderer.go:353: write tcp 172.22.0.6:6504->10.16.0.2:53106: write: broken pipe
ERROR:   2022/04/27 12:00:25 renderer.go:353: write tcp 172.22.0.6:6504->10.16.0.2:53106: write: broken pipe
ERROR:   2022/04/27 12:00:25 renderer.go:353: write tcp 172.22.0.6:6504->10.16.0.2:53106: write: broken pipe
ERROR:   2022/04/27 12:00:25 renderer.go:353: write tcp 172.22.0.6:6504->10.16.0.2:53106: write: broken pipe
ERROR:   2022/04/27 12:00:25 renderer.go:353: write tcp 172.22.0.6:6504->10.16.0.2:53106: write: broken pipe
ERROR:   2022/04/27 12:00:25 renderer.go:353: write tcp 172.22.0.6:6504->10.16.0.2:53106: write: broken pipe
ERROR:   2022/04/27 12:00:25 renderer.go:353: write tcp 172.22.0.6:6504->10.16.0.2:53106: write: broken pipe
ERROR:   2022/04/27 12:00:25 renderer.go:353: write tcp 172.22.0.6:6504->10.16.0.2:53106: write: broken pipe
ERROR:   2022/04/27 12:00:25 renderer.go:353: write tcp 172.22.0.6:6504->10.16.0.2:53106: write: broken pipe
ERROR:   2022/04/27 12:00:25 renderer.go:353: write tcp 172.22.0.6:6504->10.16.0.2:53106: write: broken pipe
ERROR:   2022/04/27 12:00:25 renderer.go:353: write tcp 172.22.0.6:6504->10.16.0.2:53106: write: broken pipe
ERROR:   2022/04/27 12:00:25 renderer.go:353: write tcp 172.22.0.6:6504->10.16.0.2:53106: write: broken pipe
ERROR:   2022/04/27 12:00:25 renderer.go:353: write tcp 172.22.0.6:6504->10.16.0.2:53106: write: broken pipe
ERROR:   2022/04/27 12:00:25 renderer.go:353: write tcp 172.22.0.6:6504->10.16.0.2:53106: write: broken pipe
ERROR:   2022/04/27 12:00:25 renderer.go:353: write tcp 172.22.0.6:6504->10.16.0.2:53106: write: broken pipe
ERROR:   2022/04/27 12:00:25 renderer.go:353: write 